-------------------------------------------------------------------------------
Test set: br.com.api.autorizadorVR.controller.CartaoControllerTest
-------------------------------------------------------------------------------
Tests run: 5, Failures: 0, Errors: 4, Skipped: 0, Time elapsed: 9.331 s <<< FAILURE! - in br.com.api.autorizadorVR.controller.CartaoControllerTest
inserirCartao1  Time elapsed: 0.009 s  <<< ERROR!
java.lang.NullPointerException: Cannot invoke "com.fasterxml.jackson.databind.ObjectMapper.writeValueAsString(Object)" because "this.objectMapper" is null
	at br.com.api.autorizadorVR.controller.CartaoControllerTest.inserirCartao1(CartaoControllerTest.java:72)

inserirCartaoExistente4  Time elapsed: 0.005 s  <<< ERROR!
java.lang.NullPointerException: Cannot invoke "com.fasterxml.jackson.databind.ObjectMapper.writeValueAsString(Object)" because "this.objectMapper" is null
	at br.com.api.autorizadorVR.controller.CartaoControllerTest.inserirCartaoExistente4(CartaoControllerTest.java:104)

realizarTransacao3  Time elapsed: 0.006 s  <<< ERROR!
java.lang.NullPointerException: Cannot invoke "com.fasterxml.jackson.databind.ObjectMapper.writeValueAsString(Object)" because "this.objectMapper" is null
	at br.com.api.autorizadorVR.controller.CartaoControllerTest.realizarTransacao3(CartaoControllerTest.java:93)

consultarSaldo2  Time elapsed: 0.006 s  <<< ERROR!
java.lang.NullPointerException: Cannot invoke "com.fasterxml.jackson.databind.ObjectMapper.writeValueAsString(Object)" because "this.objectMapper" is null
	at br.com.api.autorizadorVR.controller.CartaoControllerTest.consultarSaldo2(CartaoControllerTest.java:84)

